2018-01-04 11:23:10 [scrapy.utils.log] INFO: Scrapy 1.5.0 started (bot: douban)
2018-01-04 11:23:10 [scrapy.utils.log] INFO: Versions: lxml 3.5.0.0, libxml2 2.9.3, cssselect 1.0.1, parsel 1.3.1, w3lib 1.18.0, Twisted 17.9.0, Python 3.5.2 (default, Nov 23 2017, 16:37:01) - [GCC 5.4.0 20160609], pyOpenSSL 17.5.0 (OpenSSL 1.1.0g  2 Nov 2017), cryptography 2.1.4, Platform Linux-4.10.0-42-generic-x86_64-with-Ubuntu-16.04-xenial
2018-01-04 11:23:10 [scrapy.crawler] INFO: Overridden settings: {'ROBOTSTXT_OBEY': True, 'LOG_LEVEL': 'INFO', 'LOG_FILE': 'douban.log', 'NEWSPIDER_MODULE': 'douban.spiders', 'SPIDER_MODULES': ['douban.spiders'], 'BOT_NAME': 'douban', 'DOWNLOAD_DELAY': 1}
2018-01-04 11:23:10 [scrapy.middleware] INFO: Enabled extensions:
['scrapy.extensions.corestats.CoreStats',
 'scrapy.extensions.telnet.TelnetConsole',
 'scrapy.extensions.memusage.MemoryUsage',
 'scrapy.extensions.logstats.LogStats']
2018-01-04 11:23:10 [scrapy.middleware] INFO: Enabled downloader middlewares:
['scrapy.downloadermiddlewares.robotstxt.RobotsTxtMiddleware',
 'scrapy.downloadermiddlewares.httpauth.HttpAuthMiddleware',
 'scrapy.downloadermiddlewares.downloadtimeout.DownloadTimeoutMiddleware',
 'scrapy.downloadermiddlewares.defaultheaders.DefaultHeadersMiddleware',
 'scrapy.downloadermiddlewares.useragent.UserAgentMiddleware',
 'scrapy.downloadermiddlewares.retry.RetryMiddleware',
 'scrapy.downloadermiddlewares.redirect.MetaRefreshMiddleware',
 'scrapy.downloadermiddlewares.httpcompression.HttpCompressionMiddleware',
 'scrapy.downloadermiddlewares.redirect.RedirectMiddleware',
 'scrapy.downloadermiddlewares.cookies.CookiesMiddleware',
 'scrapy.downloadermiddlewares.httpproxy.HttpProxyMiddleware',
 'scrapy.downloadermiddlewares.stats.DownloaderStats']
2018-01-04 11:23:10 [scrapy.middleware] INFO: Enabled spider middlewares:
['scrapy.spidermiddlewares.httperror.HttpErrorMiddleware',
 'scrapy.spidermiddlewares.offsite.OffsiteMiddleware',
 'scrapy.spidermiddlewares.referer.RefererMiddleware',
 'scrapy.spidermiddlewares.urllength.UrlLengthMiddleware',
 'scrapy.spidermiddlewares.depth.DepthMiddleware']
2018-01-04 11:23:11 [scrapy.middleware] INFO: Enabled item pipelines:
['douban.pipelines.DoubanPipeline']
2018-01-04 11:23:11 [scrapy.core.engine] INFO: Spider opened
2018-01-04 11:23:11 [scrapy.extensions.logstats] INFO: Crawled 0 pages (at 0 pages/min), scraped 0 items (at 0 items/min)
2018-01-04 11:23:11 [scrapy.core.downloader.tls] WARNING: Remote certificate is not valid for hostname "movie.douban.com"; '*.douban.com'!='movie.douban.com'
2018-01-04 11:23:12 [scrapy.core.scraper] ERROR: Spider error processing <GET https://movie.douban.com/top250?start=0&filter=> (referer: None)
Traceback (most recent call last):
  File "/usr/local/lib/python3.5/dist-packages/scrapy/utils/defer.py", line 102, in iter_errback
    yield next(it)
  File "/usr/local/lib/python3.5/dist-packages/scrapy/spidermiddlewares/offsite.py", line 30, in process_spider_output
    for x in result:
  File "/usr/local/lib/python3.5/dist-packages/scrapy/spidermiddlewares/referer.py", line 339, in <genexpr>
    return (_set_referer(r) for r in result or ())
  File "/usr/local/lib/python3.5/dist-packages/scrapy/spidermiddlewares/urllength.py", line 37, in <genexpr>
    return (r for r in result or () if _filter(r))
  File "/usr/local/lib/python3.5/dist-packages/scrapy/spidermiddlewares/depth.py", line 58, in <genexpr>
    return (r for r in result or () if _filter(r))
  File "/home/lemon/python-learn/爬虫/scrapy/douban/douban/spiders/movie.py", line 37, in parse
    yield scrapy.Request(url.format(offset=self.start),callback=self.parse)
NameError: name 'url' is not defined
2018-01-04 11:23:12 [scrapy.core.engine] INFO: Closing spider (finished)
2018-01-04 11:23:12 [scrapy.statscollectors] INFO: Dumping Scrapy stats:
{'downloader/request_bytes': 646,
 'downloader/request_count': 2,
 'downloader/request_method_count/GET': 2,
 'downloader/response_bytes': 13443,
 'downloader/response_count': 2,
 'downloader/response_status_count/200': 2,
 'finish_reason': 'finished',
 'finish_time': datetime.datetime(2018, 1, 4, 3, 23, 12, 666147),
 'item_scraped_count': 25,
 'log_count/ERROR': 1,
 'log_count/INFO': 7,
 'log_count/WARNING': 1,
 'memusage/max': 54161408,
 'memusage/startup': 54161408,
 'response_received_count': 2,
 'scheduler/dequeued': 1,
 'scheduler/dequeued/memory': 1,
 'scheduler/enqueued': 1,
 'scheduler/enqueued/memory': 1,
 'spider_exceptions/NameError': 1,
 'start_time': datetime.datetime(2018, 1, 4, 3, 23, 11, 71716)}
2018-01-04 11:23:12 [scrapy.core.engine] INFO: Spider closed (finished)
2018-01-04 11:23:24 [scrapy.utils.log] INFO: Scrapy 1.5.0 started (bot: douban)
2018-01-04 11:23:24 [scrapy.utils.log] INFO: Versions: lxml 3.5.0.0, libxml2 2.9.3, cssselect 1.0.1, parsel 1.3.1, w3lib 1.18.0, Twisted 17.9.0, Python 3.5.2 (default, Nov 23 2017, 16:37:01) - [GCC 5.4.0 20160609], pyOpenSSL 17.5.0 (OpenSSL 1.1.0g  2 Nov 2017), cryptography 2.1.4, Platform Linux-4.10.0-42-generic-x86_64-with-Ubuntu-16.04-xenial
2018-01-04 11:23:24 [scrapy.crawler] INFO: Overridden settings: {'LOG_FILE': 'douban.log', 'SPIDER_MODULES': ['douban.spiders'], 'BOT_NAME': 'douban', 'LOG_LEVEL': 'INFO', 'NEWSPIDER_MODULE': 'douban.spiders', 'ROBOTSTXT_OBEY': True, 'DOWNLOAD_DELAY': 1}
2018-01-04 11:23:24 [scrapy.middleware] INFO: Enabled extensions:
['scrapy.extensions.logstats.LogStats',
 'scrapy.extensions.corestats.CoreStats',
 'scrapy.extensions.telnet.TelnetConsole',
 'scrapy.extensions.memusage.MemoryUsage']
2018-01-04 11:23:24 [scrapy.middleware] INFO: Enabled downloader middlewares:
['scrapy.downloadermiddlewares.robotstxt.RobotsTxtMiddleware',
 'scrapy.downloadermiddlewares.httpauth.HttpAuthMiddleware',
 'scrapy.downloadermiddlewares.downloadtimeout.DownloadTimeoutMiddleware',
 'scrapy.downloadermiddlewares.defaultheaders.DefaultHeadersMiddleware',
 'scrapy.downloadermiddlewares.useragent.UserAgentMiddleware',
 'scrapy.downloadermiddlewares.retry.RetryMiddleware',
 'scrapy.downloadermiddlewares.redirect.MetaRefreshMiddleware',
 'scrapy.downloadermiddlewares.httpcompression.HttpCompressionMiddleware',
 'scrapy.downloadermiddlewares.redirect.RedirectMiddleware',
 'scrapy.downloadermiddlewares.cookies.CookiesMiddleware',
 'scrapy.downloadermiddlewares.httpproxy.HttpProxyMiddleware',
 'scrapy.downloadermiddlewares.stats.DownloaderStats']
2018-01-04 11:23:24 [scrapy.middleware] INFO: Enabled spider middlewares:
['scrapy.spidermiddlewares.httperror.HttpErrorMiddleware',
 'scrapy.spidermiddlewares.offsite.OffsiteMiddleware',
 'scrapy.spidermiddlewares.referer.RefererMiddleware',
 'scrapy.spidermiddlewares.urllength.UrlLengthMiddleware',
 'scrapy.spidermiddlewares.depth.DepthMiddleware']
2018-01-04 11:23:24 [scrapy.middleware] INFO: Enabled item pipelines:
['douban.pipelines.DoubanPipeline']
2018-01-04 11:23:24 [scrapy.core.engine] INFO: Spider opened
2018-01-04 11:23:24 [scrapy.extensions.logstats] INFO: Crawled 0 pages (at 0 pages/min), scraped 0 items (at 0 items/min)
2018-01-04 11:23:24 [scrapy.core.downloader.tls] WARNING: Remote certificate is not valid for hostname "movie.douban.com"; '*.douban.com'!='movie.douban.com'
2018-01-04 11:23:26 [scrapy.core.scraper] ERROR: Spider error processing <GET https://movie.douban.com/top250?start=0&filter=> (referer: None)
Traceback (most recent call last):
  File "/usr/local/lib/python3.5/dist-packages/scrapy/utils/defer.py", line 102, in iter_errback
    yield next(it)
  File "/usr/local/lib/python3.5/dist-packages/scrapy/spidermiddlewares/offsite.py", line 30, in process_spider_output
    for x in result:
  File "/usr/local/lib/python3.5/dist-packages/scrapy/spidermiddlewares/referer.py", line 339, in <genexpr>
    return (_set_referer(r) for r in result or ())
  File "/usr/local/lib/python3.5/dist-packages/scrapy/spidermiddlewares/urllength.py", line 37, in <genexpr>
    return (r for r in result or () if _filter(r))
  File "/usr/local/lib/python3.5/dist-packages/scrapy/spidermiddlewares/depth.py", line 58, in <genexpr>
    return (r for r in result or () if _filter(r))
  File "/home/lemon/python-learn/爬虫/scrapy/douban/douban/spiders/movie.py", line 37, in parse
    yield scrapy.Request(url.format(offset=self.start),callback=self.parse)
NameError: name 'url' is not defined
2018-01-04 11:23:26 [scrapy.core.engine] INFO: Closing spider (finished)
2018-01-04 11:23:26 [scrapy.statscollectors] INFO: Dumping Scrapy stats:
{'downloader/request_bytes': 646,
 'downloader/request_count': 2,
 'downloader/request_method_count/GET': 2,
 'downloader/response_bytes': 13448,
 'downloader/response_count': 2,
 'downloader/response_status_count/200': 2,
 'finish_reason': 'finished',
 'finish_time': datetime.datetime(2018, 1, 4, 3, 23, 26, 55587),
 'item_scraped_count': 25,
 'log_count/ERROR': 1,
 'log_count/INFO': 7,
 'log_count/WARNING': 1,
 'memusage/max': 53919744,
 'memusage/startup': 53919744,
 'response_received_count': 2,
 'scheduler/dequeued': 1,
 'scheduler/dequeued/memory': 1,
 'scheduler/enqueued': 1,
 'scheduler/enqueued/memory': 1,
 'spider_exceptions/NameError': 1,
 'start_time': datetime.datetime(2018, 1, 4, 3, 23, 24, 327938)}
2018-01-04 11:23:26 [scrapy.core.engine] INFO: Spider closed (finished)
2018-01-04 11:25:02 [scrapy.utils.log] INFO: Scrapy 1.5.0 started (bot: douban)
2018-01-04 11:25:02 [scrapy.utils.log] INFO: Versions: lxml 3.5.0.0, libxml2 2.9.3, cssselect 1.0.1, parsel 1.3.1, w3lib 1.18.0, Twisted 17.9.0, Python 3.5.2 (default, Nov 23 2017, 16:37:01) - [GCC 5.4.0 20160609], pyOpenSSL 17.5.0 (OpenSSL 1.1.0g  2 Nov 2017), cryptography 2.1.4, Platform Linux-4.10.0-42-generic-x86_64-with-Ubuntu-16.04-xenial
2018-01-04 11:25:02 [scrapy.crawler] INFO: Overridden settings: {'NEWSPIDER_MODULE': 'douban.spiders', 'LOG_LEVEL': 'INFO', 'ROBOTSTXT_OBEY': True, 'SPIDER_MODULES': ['douban.spiders'], 'DOWNLOAD_DELAY': 1, 'LOG_FILE': 'douban.log', 'BOT_NAME': 'douban'}
2018-01-04 11:25:02 [scrapy.middleware] INFO: Enabled extensions:
['scrapy.extensions.logstats.LogStats',
 'scrapy.extensions.memusage.MemoryUsage',
 'scrapy.extensions.telnet.TelnetConsole',
 'scrapy.extensions.corestats.CoreStats']
2018-01-04 11:25:02 [scrapy.middleware] INFO: Enabled downloader middlewares:
['scrapy.downloadermiddlewares.robotstxt.RobotsTxtMiddleware',
 'scrapy.downloadermiddlewares.httpauth.HttpAuthMiddleware',
 'scrapy.downloadermiddlewares.downloadtimeout.DownloadTimeoutMiddleware',
 'scrapy.downloadermiddlewares.defaultheaders.DefaultHeadersMiddleware',
 'scrapy.downloadermiddlewares.useragent.UserAgentMiddleware',
 'scrapy.downloadermiddlewares.retry.RetryMiddleware',
 'scrapy.downloadermiddlewares.redirect.MetaRefreshMiddleware',
 'scrapy.downloadermiddlewares.httpcompression.HttpCompressionMiddleware',
 'scrapy.downloadermiddlewares.redirect.RedirectMiddleware',
 'scrapy.downloadermiddlewares.cookies.CookiesMiddleware',
 'scrapy.downloadermiddlewares.httpproxy.HttpProxyMiddleware',
 'scrapy.downloadermiddlewares.stats.DownloaderStats']
2018-01-04 11:25:02 [scrapy.middleware] INFO: Enabled spider middlewares:
['scrapy.spidermiddlewares.httperror.HttpErrorMiddleware',
 'scrapy.spidermiddlewares.offsite.OffsiteMiddleware',
 'scrapy.spidermiddlewares.referer.RefererMiddleware',
 'scrapy.spidermiddlewares.urllength.UrlLengthMiddleware',
 'scrapy.spidermiddlewares.depth.DepthMiddleware']
2018-01-04 11:25:02 [scrapy.middleware] INFO: Enabled item pipelines:
['douban.pipelines.DoubanPipeline']
2018-01-04 11:25:02 [scrapy.core.engine] INFO: Spider opened
2018-01-04 11:25:02 [scrapy.extensions.logstats] INFO: Crawled 0 pages (at 0 pages/min), scraped 0 items (at 0 items/min)
2018-01-04 11:25:02 [scrapy.core.downloader.tls] WARNING: Remote certificate is not valid for hostname "movie.douban.com"; '*.douban.com'!='movie.douban.com'
2018-01-04 11:25:03 [scrapy.core.engine] INFO: Closing spider (finished)
2018-01-04 11:25:03 [scrapy.statscollectors] INFO: Dumping Scrapy stats:
{'downloader/request_bytes': 646,
 'downloader/request_count': 2,
 'downloader/request_method_count/GET': 2,
 'downloader/response_bytes': 13447,
 'downloader/response_count': 2,
 'downloader/response_status_count/200': 2,
 'finish_reason': 'finished',
 'finish_time': datetime.datetime(2018, 1, 4, 3, 25, 3, 968629),
 'log_count/INFO': 7,
 'log_count/WARNING': 1,
 'memusage/max': 54005760,
 'memusage/startup': 54005760,
 'response_received_count': 2,
 'scheduler/dequeued': 1,
 'scheduler/dequeued/memory': 1,
 'scheduler/enqueued': 1,
 'scheduler/enqueued/memory': 1,
 'start_time': datetime.datetime(2018, 1, 4, 3, 25, 2, 642836)}
2018-01-04 11:25:03 [scrapy.core.engine] INFO: Spider closed (finished)
